<?xml version="1.0" encoding="UTF-8"?>
<!-- Generated by org.testng.reporters.JUnitXMLReporter -->
<testsuite hostname="IN5CG63333QM" ignored="0" name="Test" tests="1" failures="0" timestamp="03 Feb 2020 08:08:13 GMT" time="0.215" errors="0">
  <testcase name="@BeforeClass beforeClass" time="0.111" classname="com.dxc.maven.webdriver.InitChromeDriver">
    <failure type="java.lang.NoClassDefFoundError" message="org/openqa/selenium/remote/SessionNotFoundException">
      <![CDATA[java.lang.NoClassDefFoundError: org/openqa/selenium/remote/SessionNotFoundException
at com.dxc.maven.webdriver.InitChromeDriver.beforeClass(InitChromeDriver.java:43)
Caused by: java.lang.ClassNotFoundException: org.openqa.selenium.remote.SessionNotFoundException
at java.net.URLClassLoader.findClass(URLClassLoader.java:381)
at java.lang.ClassLoader.loadClass(ClassLoader.java:424)
at sun.misc.Launcher$AppClassLoader.loadClass(Launcher.java:349)
at java.lang.ClassLoader.loadClass(ClassLoader.java:357)
... 27 more
... Removed 26 stack frames]]>
    </failure>
  </testcase> <!-- @BeforeClass beforeClass -->
  <testcase name="loginFlipkart" time="0.0" classname="com.dxc.maven.test.FlipkartTest">
    <skipped/>
  </testcase> <!-- loginFlipkart -->
</testsuite> <!-- Test -->
